<?xml version="1.0" encoding="UTF-8"?>
<!-- Generated by org.testng.reporters.JUnitReportReporter -->
<testsuite hostname="aadinaths-MacBook-Pro.local" failures="0" tests="1" name="TestRunner.CucumberTestRunner" time="56.605" errors="0" timestamp="2024-06-17T11:26:07 IST" skipped="0">
  <testcase classname="TestRunner.CucumberTestRunner" name="runScenario" time="56.605"/>
</testsuite> <!-- TestRunner.CucumberTestRunner -->
