<?xml version="1.0" encoding="UTF-8"?>
<!-- Generated by org.testng.reporters.JUnitReportReporter -->
<testsuite hostname="aadinaths-MacBook-Pro.local" failures="0" tests="1" name="TestRunner.CucumberTestRunner" time="9.835" errors="0" timestamp="2024-06-18T14:08:30 IST" skipped="0">
  <testcase classname="TestRunner.CucumberTestRunner" name="runScenario" time="9.835"/>
</testsuite> <!-- TestRunner.CucumberTestRunner -->
